2025-09-10 17:09:57 INFO  mqtt_client_demo1 src\lib.rs:8 - INFO
2025-09-10 17:09:57 INFO  mqtt_client_demo1 src\lib.rs:55 - Thi***************.
2025-09-10 17:09:57 INFO  mqtt_client_demo1 src\lib.rs:77 - result: Ok(SqliteQueryResult { changes: 1, last_insert_rowid: 28 })
2025-09-10 17:09:57 INFO  mqtt_client_demo1::tests src\lib.rs:93 - This is an info message from the test.
2025-09-10 17:10:05 INFO  mqtt_client_demo1 src\lib.rs:8 - INFO
2025-09-10 17:10:05 INFO  mqtt_client_demo1 src\lib.rs:55 - Thi***************.
2025-09-10 17:10:05 INFO  mqtt_client_demo1 src\lib.rs:77 - result: Ok(SqliteQueryResult { changes: 1, last_insert_rowid: 29 })
2025-09-10 17:10:05 INFO  mqtt_client_demo1::tests src\lib.rs:93 - This is an info message from the test.
2025-09-10 17:10:14 INFO  mqtt_client_demo1 src\lib.rs:8 - INFO
2025-09-10 17:10:14 INFO  mqtt_client_demo1 src\lib.rs:55 - Thi***************.
2025-09-10 17:10:14 INFO  mqtt_client_demo1 src\lib.rs:77 - result: Ok(SqliteQueryResult { changes: 1, last_insert_rowid: 30 })
2025-09-10 17:10:14 INFO  mqtt_client_demo1::tests src\lib.rs:93 - This is an info message from the test.
2025-09-10 23:01:25 INFO  mqtt_client_demo1 src/lib.rs:8 - INFO
2025-09-10 23:01:25 INFO  mqtt_client_demo1::op_overload::tests src/op_overload.rs:19 - This is an info message from the test.
2025-09-10 23:15:42 INFO  mqtt_client_demo1 src/lib.rs:8 - INFO
2025-09-10 23:15:42 INFO  mqtt_client_demo1::op_overload::tests src/op_overload.rs:49 - This is an info message from the test.
2025-09-10 23:15:42 INFO  mqtt_client_demo1::op_overload::tests src/op_overload.rs:62 - Marriage { husband: Person { first_name: "Trevor", last_name: "Sullivan" }, wife: Person { first_name: "Nacy", last_name: "Jones" }, location: "Arizona", date: 2025-09-10 }
2025-09-10 23:18:10 INFO  mqtt_client_demo1 src/lib.rs:8 - INFO
2025-09-10 23:18:10 INFO  mqtt_client_demo1::op_overload::tests src/op_overload.rs:49 - This is an info message from the test.
2025-09-10 23:18:10 INFO  mqtt_client_demo1::op_overload::tests src/op_overload.rs:62 - Trevor got married to Nacy on 2025-09-10 date
